android/app/build/outputs/logs/manifest-merger-debug-report.txt
-- Merging decision tree log ---
manifest
ADDED from src/main/AndroidManifest.xml:1:1-100:12
	package
		ADDED from src/main/AndroidManifest.xml:2:5-27
		INJECTED from src/main/AndroidManifest.xml
		INJECTED from src/main/AndroidManifest.xml
	android:versionName
		ADDED from src/main/AndroidManifest.xml:4:5-30
		INJECTED from src/main/AndroidManifest.xml
		INJECTED from src/main/AndroidManifest.xml
	android:versionCode
		ADDED from src/main/AndroidManifest.xml:3:5-28
	xmlns:android
		ADDED from src/main/AndroidManifest.xml:1:11-69
uses-permission#android.permission.INTERNET
ADDED from src/main/AndroidManifest.xml:6:5-67
MERGED from [iService:react-native-google-analytics-bridge:unspecified] AndroidManifest.xml:11:5-67
MERGED from [iService:react-native-testfairy:unspecified] AndroidManifest.xml:11:5-67
MERGED from [testfairy:testfairy-android-sdk:1.5.3] AndroidManifest.xml:8:5-67
MERGED from [iService:react-native-firebase:unspecified] AndroidManifest.xml:11:5-67
MERGED from [com.google.firebase:firebase-crash:11.4.2] AndroidManifest.xml:18:5-66
MERGED from [com.google.android.gms:play-services-appinvite:11.4.2] AndroidManifest.xml:18:5-66
MERGED from [com.google.firebase:firebase-analytics:11.4.2] AndroidManifest.xml:20:5-66
MERGED from [com.google.firebase:firebase-analytics-impl:11.4.2] AndroidManifest.xml:20:5-66
MERGED from [com.google.firebase:firebase-iid:11.4.2] AndroidManifest.xml:20:5-66
MERGED from [com.eggdigital:TrueID-dev:3.4.4] AndroidManifest.xml:7:5-67
MERGED from [iService:react-native-maps:unspecified] AndroidManifest.xml:9:5-67
MERGED from [com.google.android.gms:play-services-maps:11.4.2] AndroidManifest.xml:20:5-66
MERGED from [com.google.android.gms:play-services-analytics:11.4.2] AndroidManifest.xml:20:5-66
MERGED from [com.google.android.gms:play-services-analytics-impl:11.4.2] AndroidManifest.xml:20:5-66
MERGED from [com.google.android.gms:play-services-gcm:11.4.2] AndroidManifest.xml:21:5-66
MERGED from [com.google.android.gms:play-services-iid:11.4.2] AndroidManifest.xml:21:5-66
	android:name
		ADDED from src/main/AndroidManifest.xml:6:22-64
uses-permission#android.permission.WRITE_EXTERNAL_STORAGE
ADDED from src/main/AndroidManifest.xml:7:5-81
MERGED from [testfairy:testfairy-android-sdk:1.5.3] AndroidManifest.xml:15:5-81
	android:name
		ADDED from src/main/AndroidManifest.xml:7:22-78
uses-permission#android.permission.READ_EXTERNAL_STORAGE
ADDED from src/main/AndroidManifest.xml:8:7-82
	android:name
		ADDED from src/main/AndroidManifest.xml:8:24-79
uses-permission#android.permission.SYSTEM_ALERT_WINDOW
ADDED from src/main/AndroidManifest.xml:9:5-77
MERGED from [com.facebook.react:react-native:0.50.3] AndroidManifest.xml:11:5-78
	android:name
		ADDED from src/main/AndroidManifest.xml:9:22-75
uses-permission#android.permission.RECEIVE_BOOT_COMPLETED
ADDED from src/main/AndroidManifest.xml:10:5-80
	android:name
		ADDED from src/main/AndroidManifest.xml:10:22-78
uses-permission#android.permission.VIBRATE
ADDED from src/main/AndroidManifest.xml:11:5-66
	android:name
		ADDED from src/main/AndroidManifest.xml:11:22-63
uses-permission#android.permission.ACCESS_FINE_LOCATION
ADDED from src/main/AndroidManifest.xml:12:5-79
	android:name
		ADDED from src/main/AndroidManifest.xml:12:22-76
uses-permission#android.permission.ACCESS_COARSE_LOCATION
ADDED from src/main/AndroidManifest.xml:13:5-81
MERGED from [iService:react-native-maps:unspecified] AndroidManifest.xml:10:5-81
	android:name
		ADDED from src/main/AndroidManifest.xml:13:22-78
uses-sdk
ADDED from src/main/AndroidManifest.xml:15:5-17:41
MERGED from [iService:react-native-fetch-blob:unspecified] AndroidManifest.xml:7:5-9:41
MERGED from [iService:react-native-linear-gradient:unspecified] AndroidManifest.xml:7:5-9:41
MERGED from [iService:react-native-vector-icons:unspecified] AndroidManifest.xml:7:5-9:41
MERGED from [iService:react-native-restart:unspecified] AndroidManifest.xml:7:5-9:41
MERGED from [iService:react-native-exception-handler:unspecified] AndroidManifest.xml:7:5-9:41
MERGED from [iService:react-native-version-number:unspecified] AndroidManifest.xml:7:5-9:41
MERGED from [iService:react-native-device-info:unspecified] AndroidManifest.xml:7:5-9:41
MERGED from [iService:react-native-google-analytics-bridge:unspecified] AndroidManifest.xml:7:5-9:41
MERGED from [iService:react-native-splash-screen:unspecified] AndroidManifest.xml:7:5-9:41
MERGED from [iService:react-native-i18n:unspecified] AndroidManifest.xml:7:5-9:41
MERGED from [iService:react-native-config:unspecified] AndroidManifest.xml:7:5-9:41
MERGED from [iService:react-native-testfairy:unspecified] AndroidManifest.xml:7:5-9:41
MERGED from [testfairy:testfairy-android-sdk:1.5.3] AndroidManifest.xml:5:5-44
MERGED from [com.facebook.react:react-native:0.50.3] AndroidManifest.xml:7:5-9:41
MERGED from [com.android.support:appcompat-v7:25.2.0] AndroidManifest.xml:21:5-23:78
MERGED from [com.android.support:animated-vector-drawable:25.2.0] AndroidManifest.xml:20:5-44
MERGED from [com.android.support:support-vector-drawable:25.2.0] AndroidManifest.xml:21:5-43
MERGED from [com.facebook.fbui.textlayoutbuilder:textlayoutbuilder:1.0.0] AndroidManifest.xml:14:5-16:41
MERGED from [com.facebook.fresco:fresco:1.3.0] AndroidManifest.xml:5:5-7:41
MERGED from [com.facebook.fresco:drawee:1.3.0] AndroidManifest.xml:5:5-7:41
MERGED from [com.facebook.fresco:imagepipeline-okhttp3:1.3.0] AndroidManifest.xml:5:5-7:41
MERGED from [com.facebook.fresco:imagepipeline:1.3.0] AndroidManifest.xml:5:5-7:41
MERGED from [com.facebook.fresco:imagepipeline-base:1.3.0] AndroidManifest.xml:5:5-7:41
MERGED from [com.facebook.fresco:fbcore:1.3.0] AndroidManifest.xml:5:5-7:41
MERGED from [com.facebook.soloader:soloader:0.1.0] AndroidManifest.xml:2:3-70
MERGED from [iService:react-native-firebase:unspecified] AndroidManifest.xml:7:5-9:41
MERGED from [com.google.firebase:firebase-core:11.4.2] AndroidManifest.xml:4:5-43
MERGED from [com.google.firebase:firebase-auth:11.4.2] AndroidManifest.xml:17:5-43
MERGED from [com.google.firebase:firebase-auth-license:11.4.2] AndroidManifest.xml:4:5-43
MERGED from [com.google.firebase:firebase-crash:11.4.2] AndroidManifest.xml:20:5-43
MERGED from [com.google.firebase:firebase-config:11.4.2] AndroidManifest.xml:17:5-43
MERGED from [com.google.firebase:firebase-config-license:11.4.2] AndroidManifest.xml:4:5-43
MERGED from [com.google.firebase:firebase-database:11.4.2] AndroidManifest.xml:3:5-43
MERGED from [com.google.firebase:firebase-database-connection:11.4.2] AndroidManifest.xml:3:5-43
MERGED from [com.google.firebase:firebase-database-connection-license:11.4.2] AndroidManifest.xml:4:5-43
MERGED from [com.google.firebase:firebase-database-license:11.4.2] AndroidManifest.xml:4:5-43
MERGED from [com.google.firebase:firebase-messaging:11.4.2] AndroidManifest.xml:17:5-43
MERGED from [com.google.firebase:firebase-messaging-license:11.4.2] AndroidManifest.xml:4:5-43
MERGED from [com.google.firebase:firebase-invites:11.4.2] AndroidManifest.xml:4:5-43
MERGED from [com.google.android.gms:play-services-appinvite:11.4.2] AndroidManifest.xml:17:5-43
MERGED from [com.google.firebase:firebase-dynamic-links:11.4.2] AndroidManifest.xml:3:3-41
MERGED from [com.google.firebase:firebase-dynamic-links-license:11.4.2] AndroidManifest.xml:4:5-43
MERGED from [com.google.android.gms:play-services-appinvite-license:11.4.2] AndroidManifest.xml:4:5-43
MERGED from [com.google.firebase:firebase-analytics:11.4.2] AndroidManifest.xml:17:5-43
MERGED from [com.google.firebase:firebase-analytics-impl:11.4.2] AndroidManifest.xml:17:5-43
MERGED from [com.google.firebase:firebase-iid:11.4.2] AndroidManifest.xml:17:5-43
MERGED from [com.google.firebase:firebase-iid-license:11.4.2] AndroidManifest.xml:4:5-43
MERGED from [com.google.firebase:firebase-common:11.4.2] AndroidManifest.xml:3:5-43
MERGED from [com.google.firebase:firebase-common-license:11.4.2] AndroidManifest.xml:4:5-43
MERGED from [com.google.firebase:firebase-analytics-impl-license:11.4.2] AndroidManifest.xml:4:5-43
MERGED from [com.google.firebase:firebase-analytics-license:11.4.2] AndroidManifest.xml:4:5-43
MERGED from [com.eggdigital:TrueID-dev:3.4.4] AndroidManifest.xml:5:5-43
MERGED from [se.simbio.encryption:library:1.2.0] AndroidManifest.xml:8:5-10:41
MERGED from [iService:react-native-maps:unspecified] AndroidManifest.xml:5:5-7:41
MERGED from [com.google.android.gms:play-services-maps:11.4.2] AndroidManifest.xml:23:5-43
MERGED from [com.google.android.gms:play-services-maps-license:11.4.2] AndroidManifest.xml:4:5-43
MERGED from [com.google.android.gms:play-services-analytics:11.4.2] AndroidManifest.xml:17:5-43
MERGED from [com.google.android.gms:play-services-tagmanager-v4-impl:11.4.2] AndroidManifest.xml:17:5-43
MERGED from [com.google.android.gms:play-services-analytics-impl:11.4.2] AndroidManifest.xml:17:5-43
MERGED from [com.google.android.gms:play-services-analytics-impl-license:11.4.2] AndroidManifest.xml:4:5-43
MERGED from [com.google.android.gms:play-services-tagmanager-v4-impl-license:11.4.2] AndroidManifest.xml:4:5-43
MERGED from [com.google.android.gms:play-services-analytics-license:11.4.2] AndroidManifest.xml:4:5-43
MERGED from [com.google.android.gms:play-services-gcm:11.4.2] AndroidManifest.xml:17:5-43
MERGED from [com.google.android.gms:play-services-iid:11.4.2] AndroidManifest.xml:17:5-43
MERGED from [com.google.android.gms:play-services-base:11.4.2] AndroidManifest.xml:17:5-43
MERGED from [com.google.android.gms:play-services-tasks:11.4.2] AndroidManifest.xml:3:5-43
MERGED from [com.google.android.gms:play-services-tasks-license:11.4.2] AndroidManifest.xml:4:5-43
MERGED from [com.google.android.gms:play-services-base-license:11.4.2] AndroidManifest.xml:4:5-43
MERGED from [com.google.android.gms:play-services-basement:11.4.2] AndroidManifest.xml:17:5-43
MERGED from [com.android.support:support-v4:25.2.0] AndroidManifest.xml:21:5-23:54
MERGED from [com.android.support:support-fragment:25.2.0] AndroidManifest.xml:21:5-23:60
MERGED from [com.android.support:support-media-compat:25.2.0] AndroidManifest.xml:21:5-23:63
MERGED from [com.android.support:support-core-ui:25.2.0] AndroidManifest.xml:21:5-23:58
MERGED from [com.android.support:support-core-utils:25.2.0] AndroidManifest.xml:21:5-23:61
MERGED from [com.android.support:support-compat:25.2.0] AndroidManifest.xml:21:5-23:58
MERGED from [com.google.android.gms:play-services-basement-license:11.4.2] AndroidManifest.xml:4:5-43
MERGED from [com.google.android.gms:play-services-iid-license:11.4.2] AndroidManifest.xml:4:5-43
MERGED from [com.google.android.gms:play-services-gcm-license:11.4.2] AndroidManifest.xml:4:5-43
	tools:overrideLibrary
		ADDED from [com.android.support:appcompat-v7:25.2.0] AndroidManifest.xml:23:9-75
	android:targetSdkVersion
		ADDED from src/main/AndroidManifest.xml:17:9-38
		INJECTED from src/main/AndroidManifest.xml
		INJECTED from src/main/AndroidManifest.xml
	android:minSdkVersion
		ADDED from src/main/AndroidManifest.xml:16:9-35
		INJECTED from src/main/AndroidManifest.xml
		INJECTED from src/main/AndroidManifest.xml
application
ADDED from src/main/AndroidManifest.xml:19:5-98:19
MERGED from [iService:react-native-fetch-blob:unspecified] AndroidManifest.xml:11:5-12:19
MERGED from [iService:react-native-exception-handler:unspecified] AndroidManifest.xml:11:5-14:19
MERGED from [iService:react-native-splash-screen:unspecified] AndroidManifest.xml:11:5-15:19
MERGED from [testfairy:testfairy-android-sdk:1.5.3] AndroidManifest.xml:17:5-25:19
MERGED from [com.facebook.react:react-native:0.50.3] AndroidManifest.xml:13:5-20
MERGED from [com.android.support:appcompat-v7:25.2.0] AndroidManifest.xml:25:5-20
MERGED from [com.android.support:animated-vector-drawable:25.2.0] AndroidManifest.xml:22:5-20
MERGED from [com.android.support:support-vector-drawable:25.2.0] AndroidManifest.xml:23:5-20
MERGED from [com.facebook.soloader:soloader:0.1.0] AndroidManifest.xml:3:3-17
MERGED from [org.webkit:android-jsc:r174650] AndroidManifest.xml:2:3-17
MERGED from [com.google.firebase:firebase-core:11.4.2] AndroidManifest.xml:5:5-20
MERGED from [com.google.firebase:firebase-auth:11.4.2] AndroidManifest.xml:19:5-20:19
MERGED from [com.google.firebase:firebase-auth-license:11.4.2] AndroidManifest.xml:5:5-20
MERGED from [com.google.firebase:firebase-crash:11.4.2] AndroidManifest.xml:22:5-23:19
MERGED from [com.google.firebase:firebase-config:11.4.2] AndroidManifest.xml:18:5-19
MERGED from [com.google.firebase:firebase-config-license:11.4.2] AndroidManifest.xml:5:5-20
MERGED from [com.google.firebase:firebase-database-connection-license:11.4.2] AndroidManifest.xml:5:5-20
MERGED from [com.google.firebase:firebase-database-license:11.4.2] AndroidManifest.xml:5:5-20
MERGED from [com.google.firebase:firebase-messaging:11.4.2] AndroidManifest.xml:19:5-29:19
MERGED from [com.google.firebase:firebase-messaging-license:11.4.2] AndroidManifest.xml:5:5-20
MERGED from [com.google.firebase:firebase-invites:11.4.2] AndroidManifest.xml:5:5-20
MERGED from [com.google.android.gms:play-services-appinvite:11.4.2] AndroidManifest.xml:19:5-26:19
MERGED from [com.google.firebase:firebase-dynamic-links:11.4.2] AndroidManifest.xml:5:3-17
MERGED from [com.google.firebase:firebase-dynamic-links-license:11.4.2] AndroidManifest.xml:5:5-20
MERGED from [com.google.android.gms:play-services-appinvite-license:11.4.2] AndroidManifest.xml:5:5-20
MERGED from [com.google.firebase:firebase-analytics:11.4.2] AndroidManifest.xml:24:5-34:19
MERGED from [com.google.firebase:firebase-analytics-impl:11.4.2] AndroidManifest.xml:24:5-28:19
MERGED from [com.google.firebase:firebase-iid:11.4.2] AndroidManifest.xml:28:5-49:19
MERGED from [com.google.firebase:firebase-iid-license:11.4.2] AndroidManifest.xml:5:5-20
MERGED from [com.google.firebase:firebase-common:11.4.2] AndroidManifest.xml:4:5-7:19
MERGED from [com.google.firebase:firebase-common-license:11.4.2] AndroidManifest.xml:5:5-20
MERGED from [com.google.firebase:firebase-analytics-impl-license:11.4.2] AndroidManifest.xml:5:5-20
MERGED from [com.google.firebase:firebase-analytics-license:11.4.2] AndroidManifest.xml:5:5-20
MERGED from [com.eggdigital:TrueID-dev:3.4.4] AndroidManifest.xml:9:5-15:19
MERGED from [com.google.android.gms:play-services-maps:11.4.2] AndroidManifest.xml:24:5-19
MERGED from [com.google.android.gms:play-services-maps-license:11.4.2] AndroidManifest.xml:5:5-20
MERGED from [com.google.android.gms:play-services-analytics:11.4.2] AndroidManifest.xml:26:5-31:19
MERGED from [com.google.android.gms:play-services-tagmanager-v4-impl:11.4.2] AndroidManifest.xml:19:5-19
MERGED from [com.google.android.gms:play-services-analytics-impl:11.4.2] AndroidManifest.xml:26:5-19
MERGED from [com.google.android.gms:play-services-analytics-impl-license:11.4.2] AndroidManifest.xml:5:5-20
MERGED from [com.google.android.gms:play-services-tagmanager-v4-impl-license:11.4.2] AndroidManifest.xml:5:5-20
MERGED from [com.google.android.gms:play-services-analytics-license:11.4.2] AndroidManifest.xml:5:5-20
MERGED from [com.google.android.gms:play-services-gcm:11.4.2] AndroidManifest.xml:23:5-19
MERGED from [com.google.android.gms:play-services-iid:11.4.2] AndroidManifest.xml:23:5-19
MERGED from [com.google.android.gms:play-services-base:11.4.2] AndroidManifest.xml:18:5-20:19
MERGED from [com.google.android.gms:play-services-tasks:11.4.2] AndroidManifest.xml:4:5-19
MERGED from [com.google.android.gms:play-services-tasks-license:11.4.2] AndroidManifest.xml:5:5-20
MERGED from [com.google.android.gms:play-services-base-license:11.4.2] AndroidManifest.xml:5:5-20
MERGED from [com.google.android.gms:play-services-basement:11.4.2] AndroidManifest.xml:19:5-21:19
MERGED from [com.android.support:support-v4:25.2.0] AndroidManifest.xml:25:5-20
MERGED from [com.android.support:support-fragment:25.2.0] AndroidManifest.xml:25:5-20
MERGED from [com.android.support:support-media-compat:25.2.0] AndroidManifest.xml:25:5-20
MERGED from [com.android.support:support-core-ui:25.2.0] AndroidManifest.xml:25:5-20
MERGED from [com.android.support:support-core-utils:25.2.0] AndroidManifest.xml:25:5-20
MERGED from [com.android.support:support-compat:25.2.0] AndroidManifest.xml:25:5-20
MERGED from [com.google.android.gms:play-services-basement-license:11.4.2] AndroidManifest.xml:5:5-20
MERGED from [com.google.android.gms:play-services-iid-license:11.4.2] AndroidManifest.xml:5:5-20
MERGED from [com.google.android.gms:play-services-gcm-license:11.4.2] AndroidManifest.xml:5:5-20
	android:label
		ADDED from src/main/AndroidManifest.xml:22:7-39
	android:supportsRtl
		ADDED from [iService:react-native-splash-screen:unspecified] AndroidManifest.xml:14:9-35
	android:launchMode
		ADDED from src/main/AndroidManifest.xml:25:7-37
	android:allowBackup
		ADDED from src/main/AndroidManifest.xml:21:7-33
	android:icon
		ADDED from src/main/AndroidManifest.xml:23:7-41
	android:theme
		ADDED from src/main/AndroidManifest.xml:24:7-38
	android:name
		ADDED from src/main/AndroidManifest.xml:20:7-38
meta-data#com.google.android.geo.API_KEY
ADDED from src/main/AndroidManifest.xml:26:7-28:52
	android:value
		ADDED from src/main/AndroidManifest.xml:28:7-50
	android:name
		ADDED from src/main/AndroidManifest.xml:27:7-52
activity#com.iservice.MainActivity
ADDED from src/main/AndroidManifest.xml:29:7-48:18
	android:screenOrientation
		ADDED from src/main/AndroidManifest.xml:33:9-45
	android:label
		ADDED from src/main/AndroidManifest.xml:32:9-41
	android:launchMode
		ADDED from src/main/AndroidManifest.xml:31:9-40
	android:windowSoftInputMode
		ADDED from src/main/AndroidManifest.xml:35:9-51
	android:configChanges
		ADDED from src/main/AndroidManifest.xml:34:9-79
	android:name
		ADDED from src/main/AndroidManifest.xml:30:9-37
intent-filter#android.intent.action.DOWNLOAD_COMPLETE+android.intent.action.MAIN+android.intent.category.LAUNCHER
ADDED from src/main/AndroidManifest.xml:36:9-40:25
action#android.intent.action.MAIN
ADDED from src/main/AndroidManifest.xml:37:13-65
	android:name
		ADDED from src/main/AndroidManifest.xml:37:21-62
category#android.intent.category.LAUNCHER
ADDED from src/main/AndroidManifest.xml:38:13-73
	android:name
		ADDED from src/main/AndroidManifest.xml:38:23-70
action#android.intent.action.DOWNLOAD_COMPLETE
ADDED from src/main/AndroidManifest.xml:39:6-70
	android:name
		ADDED from src/main/AndroidManifest.xml:39:14-68
intent-filter#android.intent.action.VIEW+android.intent.category.BROWSABLE+android.intent.category.DEFAULT
ADDED from src/main/AndroidManifest.xml:41:9-47:25
action#android.intent.action.VIEW
ADDED from src/main/AndroidManifest.xml:42:13-64
	android:name
		ADDED from src/main/AndroidManifest.xml:42:21-62
category#android.intent.category.DEFAULT
ADDED from src/main/AndroidManifest.xml:43:13-71
	android:name
		ADDED from src/main/AndroidManifest.xml:43:23-69
category#android.intent.category.BROWSABLE
ADDED from src/main/AndroidManifest.xml:44:13-73
	android:name
		ADDED from src/main/AndroidManifest.xml:44:23-71
data
ADDED from src/main/AndroidManifest.xml:45:13-82
	android:host
		ADDED from src/main/AndroidManifest.xml:45:19-58
	android:scheme
		ADDED from src/main/AndroidManifest.xml:45:59-80
activity#com.facebook.react.devsupport.DevSettingsActivity
ADDED from src/main/AndroidManifest.xml:49:7-84
	android:name
		ADDED from src/main/AndroidManifest.xml:49:17-81
activity#com.tdcm.truelifelogin.activities.AuthActivity
ADDED from src/main/AndroidManifest.xml:50:7-62:18
	android:configChanges
		ADDED from src/main/AndroidManifest.xml:52:11-94
	android:theme
		ADDED from src/main/AndroidManifest.xml:53:11-70
	android:name
		ADDED from src/main/AndroidManifest.xml:51:11-72
activity#com.iservice.trueauth.TrueSDK
ADDED from src/main/AndroidManifest.xml:63:7-75:18
	android:screenOrientation
		ADDED from src/main/AndroidManifest.xml:65:11-47
	android:name
		ADDED from src/main/AndroidManifest.xml:64:11-55
service#io.invertase.firebase.messaging.MessagingService
ADDED from src/main/AndroidManifest.xml:76:7-83:17
	android:enabled
		ADDED from src/main/AndroidManifest.xml:78:9-31
	android:exported
		ADDED from src/main/AndroidManifest.xml:79:9-32
	android:name
		ADDED from src/main/AndroidManifest.xml:77:9-72
intent-filter#com.google.firebase.MESSAGING_EVENT
ADDED from src/main/AndroidManifest.xml:80:11-82:27
action#com.google.firebase.MESSAGING_EVENT
ADDED from src/main/AndroidManifest.xml:81:13-74
	android:name
		ADDED from src/main/AndroidManifest.xml:81:21-71
service#io.invertase.firebase.messaging.InstanceIdService
ADDED from src/main/AndroidManifest.xml:84:7-88:17
	android:exported
		ADDED from src/main/AndroidManifest.xml:84:81-105
	android:name
		ADDED from src/main/AndroidManifest.xml:84:16-80
intent-filter#com.google.firebase.INSTANCE_ID_EVENT
ADDED from src/main/AndroidManifest.xml:85:9-87:25
action#com.google.firebase.INSTANCE_ID_EVENT
ADDED from src/main/AndroidManifest.xml:86:11-73
	android:name
		ADDED from src/main/AndroidManifest.xml:86:19-71
receiver#io.invertase.firebase.messaging.RNFirebaseLocalMessagingPublisher
ADDED from src/main/AndroidManifest.xml:89:7-99
	android:name
		ADDED from src/main/AndroidManifest.xml:89:17-97
receiver#io.invertase.firebase.messaging.RNFirebaseSystemBootEventReceiver
ADDED from src/main/AndroidManifest.xml:90:7-97:18
	android:enabled
		ADDED from src/main/AndroidManifest.xml:90:17-39
	android:exported
		ADDED from src/main/AndroidManifest.xml:90:40-63
	android:name
		ADDED from src/main/AndroidManifest.xml:90:64-144
intent-filter#android.intent.action.BOOT_COMPLETED+android.intent.action.QUICKBOOT_POWERON+android.intent.category.DEFAULT+com.htc.intent.action.QUICKBOOT_POWERON
ADDED from src/main/AndroidManifest.xml:91:9-96:25
action#android.intent.action.BOOT_COMPLETED
ADDED from src/main/AndroidManifest.xml:92:11-72
	android:name
		ADDED from src/main/AndroidManifest.xml:92:19-70
action#android.intent.action.QUICKBOOT_POWERON
ADDED from src/main/AndroidManifest.xml:93:11-75
	android:name
		ADDED from src/main/AndroidManifest.xml:93:19-73
action#com.htc.intent.action.QUICKBOOT_POWERON
ADDED from src/main/AndroidManifest.xml:94:11-75
	android:name
		ADDED from src/main/AndroidManifest.xml:94:19-73
activity#com.masteratul.exceptionhandler.DefaultErrorScreen
ADDED from [iService:react-native-exception-handler:unspecified] AndroidManifest.xml:12:9-13:20
	android:name
		ADDED from [iService:react-native-exception-handler:unspecified] AndroidManifest.xml:12:19-84
uses-permission#android.permission.ACCESS_NETWORK_STATE
ADDED from [iService:react-native-google-analytics-bridge:unspecified] AndroidManifest.xml:12:5-79
MERGED from [testfairy:testfairy-android-sdk:1.5.3] AndroidManifest.xml:11:5-79
MERGED from [com.google.firebase:firebase-analytics:11.4.2] AndroidManifest.xml:21:5-78
MERGED from [com.google.firebase:firebase-analytics-impl:11.4.2] AndroidManifest.xml:21:5-78
MERGED from [com.google.firebase:firebase-iid:11.4.2] AndroidManifest.xml:19:5-78
MERGED from [com.google.android.gms:play-services-maps:11.4.2] AndroidManifest.xml:19:5-78
MERGED from [com.google.android.gms:play-services-analytics:11.4.2] AndroidManifest.xml:21:5-78
MERGED from [com.google.android.gms:play-services-analytics-impl:11.4.2] AndroidManifest.xml:21:5-78
	android:name
		ADDED from [iService:react-native-google-analytics-bridge:unspecified] AndroidManifest.xml:12:22-76
uses-permission#android.permission.READ_PHONE_STATE
ADDED from [testfairy:testfairy-android-sdk:1.5.3] AndroidManifest.xml:12:5-75
	android:name
		ADDED from [testfairy:testfairy-android-sdk:1.5.3] AndroidManifest.xml:12:22-72
activity#com.testfairy.activities.ProvideFeedbackActivity
ADDED from [testfairy:testfairy-android-sdk:1.5.3] AndroidManifest.xml:18:9-21:63
	android:configChanges
		ADDED from [testfairy:testfairy-android-sdk:1.5.3] AndroidManifest.xml:20:13-59
	android:theme
		ADDED from [testfairy:testfairy-android-sdk:1.5.3] AndroidManifest.xml:21:13-60
	android:name
		ADDED from [testfairy:testfairy-android-sdk:1.5.3] AndroidManifest.xml:19:13-76
activity#com.testfairy.activities.AutoUpdateActivity
ADDED from [testfairy:testfairy-android-sdk:1.5.3] AndroidManifest.xml:22:9-24:62
	android:configChanges
		ADDED from [testfairy:testfairy-android-sdk:1.5.3] AndroidManifest.xml:24:13-59
	android:name
		ADDED from [testfairy:testfairy-android-sdk:1.5.3] AndroidManifest.xml:23:13-71
service#com.google.firebase.messaging.FirebaseMessagingService
ADDED from [com.google.firebase:firebase-messaging:11.4.2] AndroidManifest.xml:23:9-27:19
	android:exported
		ADDED from [com.google.firebase:firebase-messaging:11.4.2] AndroidManifest.xml:23:88-111
	android:name
		ADDED from [com.google.firebase:firebase-messaging:11.4.2] AndroidManifest.xml:23:18-87
activity#com.google.android.gms.appinvite.PreviewActivity
ADDED from [com.google.android.gms:play-services-appinvite:11.4.2] AndroidManifest.xml:20:9-25:20
	android:exported
		ADDED from [com.google.android.gms:play-services-appinvite:11.4.2] AndroidManifest.xml:20:51-74
	android:theme
		ADDED from [com.google.android.gms:play-services-appinvite:11.4.2] AndroidManifest.xml:20:75-121
	android:name
		ADDED from [com.google.android.gms:play-services-appinvite:11.4.2] AndroidManifest.xml:20:19-50
intent-filter#android.intent.category.DEFAULT+com.google.android.gms.appinvite.ACTION_PREVIEW
ADDED from [com.google.android.gms:play-services-appinvite:11.4.2] AndroidManifest.xml:21:13-24:29
action#com.google.android.gms.appinvite.ACTION_PREVIEW
ADDED from [com.google.android.gms:play-services-appinvite:11.4.2] AndroidManifest.xml:22:17-89
	android:name
		ADDED from [com.google.android.gms:play-services-appinvite:11.4.2] AndroidManifest.xml:22:25-87
uses-permission#android.permission.WAKE_LOCK
ADDED from [com.google.firebase:firebase-analytics:11.4.2] AndroidManifest.xml:22:5-67
MERGED from [com.google.firebase:firebase-analytics-impl:11.4.2] AndroidManifest.xml:22:5-67
MERGED from [com.google.firebase:firebase-iid:11.4.2] AndroidManifest.xml:21:5-67
MERGED from [com.google.android.gms:play-services-analytics:11.4.2] AndroidManifest.xml:24:5-67
MERGED from [com.google.android.gms:play-services-analytics-impl:11.4.2] AndroidManifest.xml:24:5-67
	android:name
		ADDED from [com.google.firebase:firebase-analytics:11.4.2] AndroidManifest.xml:22:22-65
receiver#com.google.android.gms.measurement.AppMeasurementReceiver
ADDED from [com.google.firebase:firebase-analytics:11.4.2] AndroidManifest.xml:25:7-26:18
MERGED from [com.google.firebase:firebase-analytics-impl:11.4.2] AndroidManifest.xml:25:7-26:18
	android:enabled
		ADDED from [com.google.firebase:firebase-analytics:11.4.2] AndroidManifest.xml:25:90-112
	android:exported
		ADDED from [com.google.firebase:firebase-analytics:11.4.2] AndroidManifest.xml:25:113-137
	android:name
		ADDED from [com.google.firebase:firebase-analytics:11.4.2] AndroidManifest.xml:25:17-89
receiver#com.google.android.gms.measurement.AppMeasurementInstallReferrerReceiver
ADDED from [com.google.firebase:firebase-analytics:11.4.2] AndroidManifest.xml:27:7-31:18
	android:enabled
		ADDED from [com.google.firebase:firebase-analytics:11.4.2] AndroidManifest.xml:27:162-184
	android:exported
		ADDED from [com.google.firebase:firebase-analytics:11.4.2] AndroidManifest.xml:27:185-208
	android:permission
		ADDED from [com.google.firebase:firebase-analytics:11.4.2] AndroidManifest.xml:27:105-161
	android:name
		ADDED from [com.google.firebase:firebase-analytics:11.4.2] AndroidManifest.xml:27:17-104
intent-filter#com.android.vending.INSTALL_REFERRER
ADDED from [com.google.firebase:firebase-analytics:11.4.2] AndroidManifest.xml:28:11-30:27
action#com.android.vending.INSTALL_REFERRER
ADDED from [com.google.firebase:firebase-analytics:11.4.2] AndroidManifest.xml:29:15-76
	android:name
		ADDED from [com.google.firebase:firebase-analytics:11.4.2] AndroidManifest.xml:29:23-74
service#com.google.android.gms.measurement.AppMeasurementService
ADDED from [com.google.firebase:firebase-analytics:11.4.2] AndroidManifest.xml:32:7-137
MERGED from [com.google.firebase:firebase-analytics-impl:11.4.2] AndroidManifest.xml:27:7-137
	android:enabled
		ADDED from [com.google.firebase:firebase-analytics:11.4.2] AndroidManifest.xml:32:88-110
	android:exported
		ADDED from [com.google.firebase:firebase-analytics:11.4.2] AndroidManifest.xml:32:111-135
	android:name
		ADDED from [com.google.firebase:firebase-analytics:11.4.2] AndroidManifest.xml:32:16-87
service#com.google.android.gms.measurement.AppMeasurementJobService
ADDED from [com.google.firebase:firebase-analytics:11.4.2] AndroidManifest.xml:33:7-197
	android:enabled
		ADDED from [com.google.firebase:firebase-analytics:11.4.2] AndroidManifest.xml:33:148-170
	android:exported
		ADDED from [com.google.firebase:firebase-analytics:11.4.2] AndroidManifest.xml:33:171-195
	android:permission
		ADDED from [com.google.firebase:firebase-analytics:11.4.2] AndroidManifest.xml:33:91-147
	android:name
		ADDED from [com.google.firebase:firebase-analytics:11.4.2] AndroidManifest.xml:33:16-90
uses-permission#com.google.android.c2dm.permission.RECEIVE
ADDED from [com.google.firebase:firebase-iid:11.4.2] AndroidManifest.xml:22:5-81
MERGED from [com.google.android.gms:play-services-gcm:11.4.2] AndroidManifest.xml:20:5-81
MERGED from [com.google.android.gms:play-services-iid:11.4.2] AndroidManifest.xml:20:5-81
	android:name
		ADDED from [com.google.firebase:firebase-iid:11.4.2] AndroidManifest.xml:22:22-79
permission#${applicationId}.permission.C2D_MESSAGE
ADDED from [com.google.firebase:firebase-iid:11.4.2] AndroidManifest.xml:24:5-109
	android:protectionLevel
		ADDED from [com.google.firebase:firebase-iid:11.4.2] AndroidManifest.xml:24:72-107
	android:name
		ADDED from [com.google.firebase:firebase-iid:11.4.2] AndroidManifest.xml:24:17-71
uses-permission#${applicationId}.permission.C2D_MESSAGE
ADDED from [com.google.firebase:firebase-iid:11.4.2] AndroidManifest.xml:26:5-78
	android:name
		ADDED from [com.google.firebase:firebase-iid:11.4.2] AndroidManifest.xml:26:22-76